<?xml version="1.0" ?>
<!DOCTYPE coverage SYSTEM "http://cobertura.sourceforge.net/xml/coverage-04.dtd">
<coverage lines-valid="79" lines-covered="79" line-rate="1" branches-valid="24" branches-covered="21" branch-rate="0.875" timestamp="1637175870325" complexity="0" version="0.1">
  <sources>
    <source>/Users/cqing/test-coding</source>
  </sources>
  <packages>
    <package name="table" line-rate="1" branch-rate="0.9">
      <classes>
        <class name="Table.tsx" filename="src/table/Table.tsx" line-rate="1" branch-rate="0.9">
          <methods>
            <method name="(anonymous_0)" hits="4" signature="()V">
              <lines>
                <line number="19" hits="4"/>
              </lines>
            </method>
            <method name="(anonymous_1)" hits="2" signature="()V">
              <lines>
                <line number="26" hits="2"/>
              </lines>
            </method>
            <method name="(anonymous_2)" hits="32" signature="()V">
              <lines>
                <line number="27" hits="32"/>
              </lines>
            </method>
            <method name="(anonymous_3)" hits="7" signature="()V">
              <lines>
                <line number="38" hits="7"/>
              </lines>
            </method>
            <method name="(anonymous_4)" hits="1" signature="()V">
              <lines>
                <line number="52" hits="1"/>
              </lines>
            </method>
            <method name="(anonymous_5)" hits="1" signature="()V">
              <lines>
                <line number="60" hits="1"/>
              </lines>
            </method>
            <method name="(anonymous_6)" hits="7" signature="()V">
              <lines>
                <line number="76" hits="7"/>
              </lines>
            </method>
          </methods>
          <lines>
            <line number="14" hits="2" branch="false"/>
            <line number="20" hits="4" branch="false"/>
            <line number="23" hits="4" branch="false"/>
            <line number="24" hits="4" branch="false"/>
            <line number="25" hits="4" branch="false"/>
            <line number="26" hits="4" branch="false"/>
            <line number="27" hits="2" branch="false"/>
            <line number="28" hits="32" branch="false"/>
            <line number="29" hits="32" branch="true" condition-coverage="100% (2/2)"/>
            <line number="30" hits="23" branch="false"/>
            <line number="32" hits="9" branch="true" condition-coverage="50% (1/2)"/>
            <line number="33" hits="9" branch="false"/>
            <line number="38" hits="4" branch="false"/>
            <line number="39" hits="7" branch="false"/>
            <line number="40" hits="7" branch="false"/>
            <line number="41" hits="7" branch="true" condition-coverage="100% (4/4)"/>
            <line number="42" hits="2" branch="false"/>
            <line number="44" hits="2" branch="false"/>
            <line number="46" hits="5" branch="false"/>
            <line number="48" hits="7" branch="false"/>
            <line number="52" hits="4" branch="false"/>
            <line number="54" hits="1" branch="false"/>
            <line number="56" hits="1" branch="false"/>
            <line number="57" hits="1" branch="false"/>
            <line number="60" hits="4" branch="false"/>
            <line number="61" hits="1" branch="false"/>
            <line number="62" hits="1" branch="false"/>
            <line number="64" hits="4" branch="false"/>
            <line number="83" hits="7" branch="false"/>
            <line number="84" hits="7" branch="true" condition-coverage="100% (2/2)"/>
            <line number="85" hits="7" branch="false"/>
          </lines>
        </class>
        <class name="index.ts" filename="src/table/index.ts" line-rate="0" branch-rate="0">
          <methods>
          </methods>
          <lines>
          </lines>
        </class>
        <class name="types.ts" filename="src/table/types.ts" line-rate="1" branch-rate="1">
          <methods>
            <method name="(anonymous_0)" hits="0" signature="()V">
              <lines>
                <line number="29" hits="0"/>
              </lines>
            </method>
          </methods>
          <lines>
            <line number="29" hits="2" branch="false"/>
            <line number="37" hits="2" branch="false"/>
            <line number="44" hits="2" branch="false"/>
          </lines>
        </class>
      </classes>
    </package>
    <package name="table.const" line-rate="1" branch-rate="1">
      <classes>
        <class name="index.ts" filename="src/table/const/index.ts" line-rate="1" branch-rate="1">
          <methods>
          </methods>
          <lines>
            <line number="1" hits="3" branch="false"/>
            <line number="6" hits="3" branch="false"/>
          </lines>
        </class>
      </classes>
    </package>
    <package name="table.table-body" line-rate="1" branch-rate="1">
      <classes>
        <class name="index.ts" filename="src/table/table-body/index.ts" line-rate="0" branch-rate="0">
          <methods>
          </methods>
          <lines>
          </lines>
        </class>
        <class name="table-body.tsx" filename="src/table/table-body/table-body.tsx" line-rate="1" branch-rate="1">
          <methods>
            <method name="(anonymous_0)" hits="4" signature="()V">
              <lines>
                <line number="14" hits="4"/>
              </lines>
            </method>
            <method name="(anonymous_1)" hits="7" signature="()V">
              <lines>
                <line number="15" hits="7"/>
              </lines>
            </method>
            <method name="(anonymous_2)" hits="60" signature="()V">
              <lines>
                <line number="19" hits="60"/>
              </lines>
            </method>
            <method name="(anonymous_3)" hits="180" signature="()V">
              <lines>
                <line number="21" hits="180"/>
              </lines>
            </method>
            <method name="(anonymous_4)" hits="180" signature="()V">
              <lines>
                <line number="21" hits="180"/>
              </lines>
            </method>
          </methods>
          <lines>
            <line number="15" hits="4" branch="false"/>
            <line number="16" hits="7" branch="false"/>
            <line number="20" hits="60" branch="false"/>
            <line number="21" hits="180" branch="false"/>
            <line number="22" hits="180" branch="false"/>
          </lines>
        </class>
      </classes>
    </package>
    <package name="table.table-footer" line-rate="1" branch-rate="0.8332999999999999">
      <classes>
        <class name="index.ts" filename="src/table/table-footer/index.ts" line-rate="0" branch-rate="0">
          <methods>
          </methods>
          <lines>
          </lines>
        </class>
        <class name="pagination.tsx" filename="src/table/table-footer/pagination.tsx" line-rate="1" branch-rate="0.8332999999999999">
          <methods>
            <method name="(anonymous_0)" hits="16" signature="()V">
              <lines>
                <line number="15" hits="16"/>
              </lines>
            </method>
            <method name="(anonymous_1)" hits="20" signature="()V">
              <lines>
                <line number="20" hits="20"/>
              </lines>
            </method>
            <method name="(anonymous_2)" hits="5" signature="()V">
              <lines>
                <line number="23" hits="5"/>
              </lines>
            </method>
            <method name="(anonymous_3)" hits="16" signature="()V">
              <lines>
                <line number="59" hits="16"/>
              </lines>
            </method>
            <method name="(anonymous_4)" hits="1" signature="()V">
              <lines>
                <line number="63" hits="1"/>
              </lines>
            </method>
            <method name="(anonymous_5)" hits="1" signature="()V">
              <lines>
                <line number="64" hits="1"/>
              </lines>
            </method>
            <method name="(anonymous_6)" hits="1" signature="()V">
              <lines>
                <line number="65" hits="1"/>
              </lines>
            </method>
            <method name="(anonymous_7)" hits="1" signature="()V">
              <lines>
                <line number="66" hits="1"/>
              </lines>
            </method>
          </methods>
          <lines>
            <line number="16" hits="16" branch="false"/>
            <line number="17" hits="16" branch="false"/>
            <line number="18" hits="16" branch="false"/>
            <line number="20" hits="20" branch="false"/>
            <line number="23" hits="16" branch="false"/>
            <line number="24" hits="5" branch="false"/>
            <line number="25" hits="5" branch="true" condition-coverage="75% (3/4)"/>
            <line number="26" hits="5" branch="false"/>
            <line number="27" hits="5" branch="true" condition-coverage="100% (4/4)"/>
            <line number="29" hits="1" branch="false"/>
            <line number="30" hits="1" branch="false"/>
            <line number="32" hits="1" branch="false"/>
            <line number="33" hits="1" branch="false"/>
            <line number="35" hits="2" branch="false"/>
            <line number="36" hits="2" branch="false"/>
            <line number="38" hits="1" branch="false"/>
            <line number="39" hits="1" branch="false"/>
            <line number="41" hits="5" branch="false"/>
            <line number="43" hits="5" branch="true" condition-coverage="100% (2/2)"/>
            <line number="44" hits="4" branch="false"/>
            <line number="46" hits="5" branch="true" condition-coverage="50% (1/2)"/>
            <line number="47" hits="5" branch="false"/>
            <line number="49" hits="5" branch="false"/>
            <line number="53" hits="16" branch="false"/>
            <line number="60" hits="16" branch="false"/>
            <line number="61" hits="16" branch="false"/>
            <line number="63" hits="1" branch="false"/>
            <line number="64" hits="1" branch="false"/>
            <line number="65" hits="1" branch="false"/>
            <line number="66" hits="1" branch="false"/>
          </lines>
        </class>
      </classes>
    </package>
    <package name="table.table-header" line-rate="1" branch-rate="1">
      <classes>
        <class name="index.ts" filename="src/table/table-header/index.ts" line-rate="0" branch-rate="0">
          <methods>
          </methods>
          <lines>
          </lines>
        </class>
        <class name="table-header.tsx" filename="src/table/table-header/table-header.tsx" line-rate="1" branch-rate="1">
          <methods>
            <method name="(anonymous_0)" hits="9" signature="()V">
              <lines>
                <line number="16" hits="9"/>
              </lines>
            </method>
            <method name="(anonymous_1)" hits="2" signature="()V">
              <lines>
                <line number="17" hits="2"/>
              </lines>
            </method>
            <method name="(anonymous_2)" hits="9" signature="()V">
              <lines>
                <line number="24" hits="9"/>
              </lines>
            </method>
            <method name="(anonymous_3)" hits="27" signature="()V">
              <lines>
                <line number="29" hits="27"/>
              </lines>
            </method>
            <method name="(anonymous_4)" hits="1" signature="()V">
              <lines>
                <line number="38" hits="1"/>
              </lines>
            </method>
            <method name="(anonymous_5)" hits="1" signature="()V">
              <lines>
                <line number="39" hits="1"/>
              </lines>
            </method>
          </methods>
          <lines>
            <line number="17" hits="9" branch="false"/>
            <line number="18" hits="2" branch="false"/>
            <line number="20" hits="9" branch="false"/>
            <line number="25" hits="9" branch="false"/>
            <line number="26" hits="9" branch="false"/>
            <line number="30" hits="27" branch="false"/>
            <line number="38" hits="1" branch="false"/>
            <line number="39" hits="1" branch="false"/>
          </lines>
        </class>
      </classes>
    </package>
  </packages>
</coverage>
