{"/Users/cqing/test-coding/src/table/Table.tsx": {"path":"/Users/cqing/test-coding/src/table/Table.tsx","statementMap":{"0":{"start":{"line":13,"column":14},"end":{"line":16,"column":1}},"1":{"start":{"line":22,"column":4},"end":{"line":58,"column":5}},"2":{"start":{"line":26,"column":32},"end":{"line":38,"column":7}},"3":{"start":{"line":29,"column":12},"end":{"line":37,"column":15}},"4":{"start":{"line":30,"column":16},"end":{"line":32,"column":17}},"5":{"start":{"line":31,"column":20},"end":{"line":31,"column":57}},"6":{"start":{"line":33,"column":16},"end":{"line":35,"column":17}},"7":{"start":{"line":34,"column":20},"end":{"line":34,"column":57}},"8":{"start":{"line":36,"column":16},"end":{"line":36,"column":25}},"9":{"start":{"line":41,"column":6},"end":{"line":57,"column":7}}},"fnMap":{"0":{"name":"(anonymous_0)","decl":{"start":{"line":21,"column":2},"end":{"line":21,"column":3}},"loc":{"start":{"line":21,"column":31},"end":{"line":59,"column":3}},"line":21},"1":{"name":"(anonymous_1)","decl":{"start":{"line":22,"column":11},"end":{"line":22,"column":12}},"loc":{"start":{"line":22,"column":17},"end":{"line":58,"column":5}},"line":22},"2":{"name":"(anonymous_2)","decl":{"start":{"line":26,"column":32},"end":{"line":26,"column":33}},"loc":{"start":{"line":26,"column":73},"end":{"line":38,"column":7}},"line":26},"3":{"name":"(anonymous_3)","decl":{"start":{"line":29,"column":41},"end":{"line":29,"column":42}},"loc":{"start":{"line":29,"column":51},"end":{"line":37,"column":13}},"line":29}},"branchMap":{"0":{"loc":{"start":{"line":30,"column":16},"end":{"line":32,"column":17}},"type":"if","locations":[{"start":{"line":30,"column":16},"end":{"line":32,"column":17}},{"start":{},"end":{}}],"line":30},"1":{"loc":{"start":{"line":31,"column":27},"end":{"line":31,"column":56}},"type":"cond-expr","locations":[{"start":{"line":31,"column":50},"end":{"line":31,"column":52}},{"start":{"line":31,"column":55},"end":{"line":31,"column":56}}],"line":31},"2":{"loc":{"start":{"line":33,"column":16},"end":{"line":35,"column":17}},"type":"if","locations":[{"start":{"line":33,"column":16},"end":{"line":35,"column":17}},{"start":{},"end":{}}],"line":33},"3":{"loc":{"start":{"line":34,"column":27},"end":{"line":34,"column":56}},"type":"cond-expr","locations":[{"start":{"line":34,"column":50},"end":{"line":34,"column":51}},{"start":{"line":34,"column":54},"end":{"line":34,"column":56}}],"line":34}},"s":{"0":1,"1":0,"2":0,"3":0,"4":0,"5":0,"6":0,"7":0,"8":0,"9":0},"f":{"0":0,"1":0,"2":0,"3":0},"b":{"0":[0,0],"1":[0,0],"2":[0,0],"3":[0,0]},"_coverageSchema":"1a1c01bbd47fc00a2c39e90264f33305004495a9","hash":"63cafcbcb4356d969b95b19a1ce82af3d207ee51"}
,"/Users/cqing/test-coding/src/table/index.css": {"path":"/Users/cqing/test-coding/src/table/index.css","statementMap":{},"fnMap":{},"branchMap":{},"s":{},"f":{},"b":{},"inputSourceMap":null,"_coverageSchema":"1a1c01bbd47fc00a2c39e90264f33305004495a9","hash":"5b70e44f91b35ae8d2dc7427ae2401fcb8028eee"}
,"/Users/cqing/test-coding/src/table/index.ts": {"path":"/Users/cqing/test-coding/src/table/index.ts","statementMap":{},"fnMap":{},"branchMap":{},"s":{},"f":{},"b":{},"_coverageSchema":"1a1c01bbd47fc00a2c39e90264f33305004495a9","hash":"2f0893c214a7b9e3701cbe3d33e651e053963f5f"}
,"/Users/cqing/test-coding/src/table/types.ts": {"path":"/Users/cqing/test-coding/src/table/types.ts","statementMap":{"0":{"start":{"line":29,"column":28},"end":{"line":29,"column":72}},"1":{"start":{"line":31,"column":26},"end":{"line":47,"column":1}}},"fnMap":{"0":{"name":"(anonymous_0)","decl":{"start":{"line":29,"column":56},"end":{"line":29,"column":57}},"loc":{"start":{"line":29,"column":67},"end":{"line":29,"column":69}},"line":29}},"branchMap":{},"s":{"0":2,"1":2},"f":{"0":0},"b":{},"_coverageSchema":"1a1c01bbd47fc00a2c39e90264f33305004495a9","hash":"b228b6d202307ff6826208402c3f9a954b8d3977"}
,"/Users/cqing/test-coding/src/table/table-body/index.ts": {"path":"/Users/cqing/test-coding/src/table/table-body/index.ts","statementMap":{},"fnMap":{},"branchMap":{},"s":{},"f":{},"b":{},"_coverageSchema":"1a1c01bbd47fc00a2c39e90264f33305004495a9","hash":"e4cb4db38cf64aa5574762ea115b77ea05cc4f8b"}
,"/Users/cqing/test-coding/src/table/table-body/table-body.tsx": {"path":"/Users/cqing/test-coding/src/table/table-body/table-body.tsx","statementMap":{"0":{"start":{"line":14,"column":8},"end":{"line":30,"column":9}},"1":{"start":{"line":15,"column":12},"end":{"line":29,"column":13}},"2":{"start":{"line":19,"column":28},"end":{"line":26,"column":29}},"3":{"start":{"line":22,"column":66},"end":{"line":22,"column":77}},"4":{"start":{"line":23,"column":40},"end":{"line":23,"column":71}}},"fnMap":{"0":{"name":"(anonymous_0)","decl":{"start":{"line":13,"column":4},"end":{"line":13,"column":5}},"loc":{"start":{"line":13,"column":28},"end":{"line":31,"column":5}},"line":13},"1":{"name":"(anonymous_1)","decl":{"start":{"line":14,"column":15},"end":{"line":14,"column":16}},"loc":{"start":{"line":14,"column":21},"end":{"line":30,"column":9}},"line":14},"2":{"name":"(anonymous_2)","decl":{"start":{"line":18,"column":42},"end":{"line":18,"column":43}},"loc":{"start":{"line":18,"column":52},"end":{"line":27,"column":25}},"line":18},"3":{"name":"(anonymous_3)","decl":{"start":{"line":22,"column":55},"end":{"line":22,"column":56}},"loc":{"start":{"line":22,"column":66},"end":{"line":22,"column":77}},"line":22},"4":{"name":"(anonymous_4)","decl":{"start":{"line":22,"column":83},"end":{"line":22,"column":84}},"loc":{"start":{"line":22,"column":94},"end":{"line":24,"column":37}},"line":22}},"branchMap":{},"s":{"0":0,"1":0,"2":0,"3":0,"4":0},"f":{"0":0,"1":0,"2":0,"3":0,"4":0},"b":{},"_coverageSchema":"1a1c01bbd47fc00a2c39e90264f33305004495a9","hash":"216dbd82ab08a5082291c87aecdfe0d0e4eede6f"}
,"/Users/cqing/test-coding/src/table/table-footer/index.ts": {"path":"/Users/cqing/test-coding/src/table/table-footer/index.ts","statementMap":{},"fnMap":{},"branchMap":{},"s":{},"f":{},"b":{},"_coverageSchema":"1a1c01bbd47fc00a2c39e90264f33305004495a9","hash":"6dac0fe3242a3d33a63faca0f5affb6961e5fd7f"}
,"/Users/cqing/test-coding/src/table/table-footer/pagination.tsx": {"path":"/Users/cqing/test-coding/src/table/table-footer/pagination.tsx","statementMap":{"0":{"start":{"line":19,"column":37},"end":{"line":19,"column":83}},"1":{"start":{"line":20,"column":26},"end":{"line":20,"column":27}},"2":{"start":{"line":21,"column":25},"end":{"line":21,"column":65}},"3":{"start":{"line":22,"column":26},"end":{"line":22,"column":27}},"4":{"start":{"line":25,"column":30},"end":{"line":32,"column":9}},"5":{"start":{"line":26,"column":12},"end":{"line":28,"column":13}},"6":{"start":{"line":27,"column":16},"end":{"line":27,"column":23}},"7":{"start":{"line":29,"column":12},"end":{"line":31,"column":13}},"8":{"start":{"line":30,"column":16},"end":{"line":30,"column":71}},"9":{"start":{"line":34,"column":8},"end":{"line":43,"column":9}},"10":{"start":{"line":35,"column":12},"end":{"line":42,"column":13}},"11":{"start":{"line":37,"column":42},"end":{"line":37,"column":66}},"12":{"start":{"line":38,"column":42},"end":{"line":38,"column":70}},"13":{"start":{"line":39,"column":42},"end":{"line":39,"column":70}},"14":{"start":{"line":40,"column":42},"end":{"line":40,"column":65}}},"fnMap":{"0":{"name":"(anonymous_0)","decl":{"start":{"line":17,"column":4},"end":{"line":17,"column":5}},"loc":{"start":{"line":17,"column":28},"end":{"line":44,"column":5}},"line":17},"1":{"name":"(anonymous_1)","decl":{"start":{"line":25,"column":30},"end":{"line":25,"column":31}},"loc":{"start":{"line":25,"column":61},"end":{"line":32,"column":9}},"line":25},"2":{"name":"(anonymous_2)","decl":{"start":{"line":34,"column":15},"end":{"line":34,"column":16}},"loc":{"start":{"line":34,"column":21},"end":{"line":43,"column":9}},"line":34},"3":{"name":"(anonymous_3)","decl":{"start":{"line":37,"column":35},"end":{"line":37,"column":36}},"loc":{"start":{"line":37,"column":41},"end":{"line":37,"column":67}},"line":37},"4":{"name":"(anonymous_4)","decl":{"start":{"line":38,"column":35},"end":{"line":38,"column":36}},"loc":{"start":{"line":38,"column":41},"end":{"line":38,"column":71}},"line":38},"5":{"name":"(anonymous_5)","decl":{"start":{"line":39,"column":35},"end":{"line":39,"column":36}},"loc":{"start":{"line":39,"column":41},"end":{"line":39,"column":71}},"line":39},"6":{"name":"(anonymous_6)","decl":{"start":{"line":40,"column":35},"end":{"line":40,"column":36}},"loc":{"start":{"line":40,"column":41},"end":{"line":40,"column":66}},"line":40}},"branchMap":{"0":{"loc":{"start":{"line":21,"column":25},"end":{"line":21,"column":65}},"type":"binary-expr","locations":[{"start":{"line":21,"column":26},"end":{"line":21,"column":59}},{"start":{"line":21,"column":64},"end":{"line":21,"column":65}}],"line":21},"1":{"loc":{"start":{"line":26,"column":12},"end":{"line":28,"column":13}},"type":"if","locations":[{"start":{"line":26,"column":12},"end":{"line":28,"column":13}},{"start":{},"end":{}}],"line":26},"2":{"loc":{"start":{"line":29,"column":12},"end":{"line":31,"column":13}},"type":"if","locations":[{"start":{"line":29,"column":12},"end":{"line":31,"column":13}},{"start":{},"end":{}}],"line":29},"3":{"loc":{"start":{"line":29,"column":16},"end":{"line":29,"column":80}},"type":"binary-expr","locations":[{"start":{"line":29,"column":16},"end":{"line":29,"column":27}},{"start":{"line":29,"column":31},"end":{"line":29,"column":80}}],"line":29}},"s":{"0":1,"1":1,"2":1,"3":1,"4":1,"5":0,"6":0,"7":0,"8":0,"9":1,"10":1,"11":0,"12":0,"13":0,"14":0},"f":{"0":1,"1":0,"2":1,"3":0,"4":0,"5":0,"6":0},"b":{"0":[1,1],"1":[0,0],"2":[0,0],"3":[0,0]},"_coverageSchema":"1a1c01bbd47fc00a2c39e90264f33305004495a9","hash":"d029846b968c4da0de1630237650571c04f84398"}
,"/Users/cqing/test-coding/src/table/table-header/index.ts": {"path":"/Users/cqing/test-coding/src/table/table-header/index.ts","statementMap":{},"fnMap":{},"branchMap":{},"s":{},"f":{},"b":{},"_coverageSchema":"1a1c01bbd47fc00a2c39e90264f33305004495a9","hash":"75203966af04e97628ff3e69d86259c62b642547"}
,"/Users/cqing/test-coding/src/table/table-header/table-header.tsx": {"path":"/Users/cqing/test-coding/src/table/table-header/table-header.tsx","statementMap":{"0":{"start":{"line":7,"column":14},"end":{"line":10,"column":1}},"1":{"start":{"line":12,"column":25},"end":{"line":14,"column":1}},"2":{"start":{"line":24,"column":8},"end":{"line":48,"column":9}},"3":{"start":{"line":25,"column":12},"end":{"line":47,"column":13}},"4":{"start":{"line":29,"column":32},"end":{"line":43,"column":38}},"5":{"start":{"line":38,"column":73},"end":{"line":38,"column":138}},"6":{"start":{"line":39,"column":73},"end":{"line":39,"column":138}}},"fnMap":{"0":{"name":"(anonymous_0)","decl":{"start":{"line":12,"column":25},"end":{"line":12,"column":26}},"loc":{"start":{"line":12,"column":31},"end":{"line":14,"column":1}},"line":12},"1":{"name":"(anonymous_1)","decl":{"start":{"line":23,"column":4},"end":{"line":23,"column":5}},"loc":{"start":{"line":23,"column":26},"end":{"line":49,"column":5}},"line":23},"2":{"name":"(anonymous_2)","decl":{"start":{"line":24,"column":15},"end":{"line":24,"column":16}},"loc":{"start":{"line":24,"column":21},"end":{"line":48,"column":9}},"line":24},"3":{"name":"(anonymous_3)","decl":{"start":{"line":28,"column":43},"end":{"line":28,"column":44}},"loc":{"start":{"line":28,"column":51},"end":{"line":44,"column":25}},"line":28},"4":{"name":"(anonymous_4)","decl":{"start":{"line":38,"column":67},"end":{"line":38,"column":68}},"loc":{"start":{"line":38,"column":73},"end":{"line":38,"column":138}},"line":38},"5":{"name":"(anonymous_5)","decl":{"start":{"line":39,"column":67},"end":{"line":39,"column":68}},"loc":{"start":{"line":39,"column":73},"end":{"line":39,"column":138}},"line":39}},"branchMap":{"0":{"loc":{"start":{"line":31,"column":37},"end":{"line":41,"column":47}},"type":"cond-expr","locations":[{"start":{"line":32,"column":40},"end":{"line":32,"column":52}},{"start":{"line":33,"column":41},"end":{"line":41,"column":46}}],"line":31},"1":{"loc":{"start":{"line":36,"column":45},"end":{"line":40,"column":56}},"type":"binary-expr","locations":[{"start":{"line":36,"column":45},"end":{"line":36,"column":55}},{"start":{"line":37,"column":49},"end":{"line":40,"column":55}}],"line":36}},"s":{"0":2,"1":2,"2":0,"3":0,"4":0,"5":0,"6":0},"f":{"0":0,"1":0,"2":0,"3":0,"4":0,"5":0},"b":{"0":[0,0],"1":[0,0]},"_coverageSchema":"1a1c01bbd47fc00a2c39e90264f33305004495a9","hash":"b6c9d128ae2264f16d94f97526761c0f3b40a6bf"}
}
