{"/Users/cqing/test-coding/src/table/Table.tsx": {"path":"/Users/cqing/test-coding/src/table/Table.tsx","statementMap":{"0":{"start":{"line":14,"column":18},"end":{"line":14,"column":19}},"1":{"start":{"line":20,"column":33},"end":{"line":20,"column":83}},"2":{"start":{"line":23,"column":24},"end":{"line":23,"column":39}},"3":{"start":{"line":24,"column":24},"end":{"line":24,"column":39}},"4":{"start":{"line":25,"column":25},"end":{"line":25,"column":47}},"5":{"start":{"line":26,"column":26},"end":{"line":36,"column":5}},"6":{"start":{"line":27,"column":6},"end":{"line":35,"column":9}},"7":{"start":{"line":28,"column":8},"end":{"line":28,"column":86}},"8":{"start":{"line":29,"column":8},"end":{"line":31,"column":9}},"9":{"start":{"line":30,"column":10},"end":{"line":30,"column":37}},"10":{"start":{"line":32,"column":8},"end":{"line":34,"column":9}},"11":{"start":{"line":33,"column":10},"end":{"line":33,"column":37}},"12":{"start":{"line":38,"column":19},"end":{"line":49,"column":6}},"13":{"start":{"line":39,"column":6},"end":{"line":39,"column":153}},"14":{"start":{"line":40,"column":23},"end":{"line":40,"column":25}},"15":{"start":{"line":41,"column":6},"end":{"line":47,"column":7}},"16":{"start":{"line":42,"column":18},"end":{"line":42,"column":45}},"17":{"start":{"line":44,"column":8},"end":{"line":44,"column":87}},"18":{"start":{"line":46,"column":8},"end":{"line":46,"column":67}},"19":{"start":{"line":48,"column":6},"end":{"line":48,"column":24}},"20":{"start":{"line":52,"column":30},"end":{"line":58,"column":5}},"21":{"start":{"line":54,"column":6},"end":{"line":54,"column":84}},"22":{"start":{"line":56,"column":6},"end":{"line":56,"column":36}},"23":{"start":{"line":57,"column":6},"end":{"line":57,"column":32}},"24":{"start":{"line":60,"column":29},"end":{"line":63,"column":5}},"25":{"start":{"line":61,"column":6},"end":{"line":61,"column":59}},"26":{"start":{"line":62,"column":6},"end":{"line":62,"column":37}},"27":{"start":{"line":64,"column":4},"end":{"line":74,"column":5}},"28":{"start":{"line":83,"column":8},"end":{"line":83,"column":12}},"29":{"start":{"line":84,"column":15},"end":{"line":84,"column":38}},"30":{"start":{"line":85,"column":4},"end":{"line":99,"column":5}}},"fnMap":{"0":{"name":"(anonymous_0)","decl":{"start":{"line":19,"column":2},"end":{"line":19,"column":3}},"loc":{"start":{"line":19,"column":47},"end":{"line":75,"column":3}},"line":19},"1":{"name":"(anonymous_1)","decl":{"start":{"line":26,"column":26},"end":{"line":26,"column":27}},"loc":{"start":{"line":26,"column":53},"end":{"line":36,"column":5}},"line":26},"2":{"name":"(anonymous_2)","decl":{"start":{"line":27,"column":23},"end":{"line":27,"column":24}},"loc":{"start":{"line":27,"column":48},"end":{"line":35,"column":7}},"line":27},"3":{"name":"(anonymous_3)","decl":{"start":{"line":38,"column":28},"end":{"line":38,"column":29}},"loc":{"start":{"line":38,"column":34},"end":{"line":49,"column":5}},"line":38},"4":{"name":"(anonymous_4)","decl":{"start":{"line":52,"column":30},"end":{"line":52,"column":31}},"loc":{"start":{"line":52,"column":62},"end":{"line":58,"column":5}},"line":52},"5":{"name":"(anonymous_5)","decl":{"start":{"line":60,"column":29},"end":{"line":60,"column":30}},"loc":{"start":{"line":60,"column":54},"end":{"line":63,"column":5}},"line":60},"6":{"name":"(anonymous_6)","decl":{"start":{"line":76,"column":2},"end":{"line":76,"column":3}},"loc":{"start":{"line":76,"column":11},"end":{"line":100,"column":3}},"line":76}},"branchMap":{"0":{"loc":{"start":{"line":29,"column":8},"end":{"line":31,"column":9}},"type":"if","locations":[{"start":{"line":29,"column":8},"end":{"line":31,"column":9}},{"start":{},"end":{}}],"line":29},"1":{"loc":{"start":{"line":32,"column":8},"end":{"line":34,"column":9}},"type":"if","locations":[{"start":{"line":32,"column":8},"end":{"line":34,"column":9}},{"start":{},"end":{}}],"line":32},"2":{"loc":{"start":{"line":41,"column":6},"end":{"line":47,"column":7}},"type":"if","locations":[{"start":{"line":41,"column":6},"end":{"line":47,"column":7}},{"start":{"line":45,"column":13},"end":{"line":47,"column":7}}],"line":41},"3":{"loc":{"start":{"line":41,"column":10},"end":{"line":41,"column":54}},"type":"binary-expr","locations":[{"start":{"line":41,"column":10},"end":{"line":41,"column":31}},{"start":{"line":41,"column":35},"end":{"line":41,"column":54}}],"line":41},"4":{"loc":{"start":{"line":84,"column":15},"end":{"line":84,"column":38}},"type":"binary-expr","locations":[{"start":{"line":84,"column":15},"end":{"line":84,"column":32}},{"start":{"line":84,"column":36},"end":{"line":84,"column":38}}],"line":84}},"s":{"0":2,"1":4,"2":4,"3":4,"4":4,"5":4,"6":2,"7":32,"8":32,"9":23,"10":9,"11":9,"12":4,"13":7,"14":7,"15":7,"16":2,"17":2,"18":5,"19":7,"20":4,"21":1,"22":1,"23":1,"24":4,"25":1,"26":1,"27":4,"28":7,"29":7,"30":7},"f":{"0":4,"1":2,"2":32,"3":7,"4":1,"5":1,"6":7},"b":{"0":[23,9],"1":[9,0],"2":[2,5],"3":[7,5],"4":[7,1]},"_coverageSchema":"1a1c01bbd47fc00a2c39e90264f33305004495a9","hash":"a7ef58a99babc566f817877143538391bc13110f"}
,"/Users/cqing/test-coding/src/table/index.ts": {"path":"/Users/cqing/test-coding/src/table/index.ts","statementMap":{},"fnMap":{},"branchMap":{},"s":{},"f":{},"b":{},"_coverageSchema":"1a1c01bbd47fc00a2c39e90264f33305004495a9","hash":"2f0893c214a7b9e3701cbe3d33e651e053963f5f"}
,"/Users/cqing/test-coding/src/table/types.ts": {"path":"/Users/cqing/test-coding/src/table/types.ts","statementMap":{"0":{"start":{"line":29,"column":28},"end":{"line":29,"column":72}},"1":{"start":{"line":37,"column":23},"end":{"line":42,"column":1}},"2":{"start":{"line":44,"column":26},"end":{"line":60,"column":1}}},"fnMap":{"0":{"name":"(anonymous_0)","decl":{"start":{"line":29,"column":56},"end":{"line":29,"column":57}},"loc":{"start":{"line":29,"column":67},"end":{"line":29,"column":69}},"line":29}},"branchMap":{},"s":{"0":2,"1":2,"2":2},"f":{"0":0},"b":{},"_coverageSchema":"1a1c01bbd47fc00a2c39e90264f33305004495a9","hash":"c18ae57bfa3f28a1df8e212feb7ce8145e71a93f"}
,"/Users/cqing/test-coding/src/table/const/index.ts": {"path":"/Users/cqing/test-coding/src/table/const/index.ts","statementMap":{"0":{"start":{"line":1,"column":21},"end":{"line":4,"column":1}},"1":{"start":{"line":6,"column":35},"end":{"line":11,"column":1}}},"fnMap":{},"branchMap":{},"s":{"0":3,"1":3},"f":{},"b":{},"_coverageSchema":"1a1c01bbd47fc00a2c39e90264f33305004495a9","hash":"4c7dbad237be79fa7a08abea0f6f9bf7728e4873"}
,"/Users/cqing/test-coding/src/table/table-body/index.ts": {"path":"/Users/cqing/test-coding/src/table/table-body/index.ts","statementMap":{},"fnMap":{},"branchMap":{},"s":{},"f":{},"b":{},"_coverageSchema":"1a1c01bbd47fc00a2c39e90264f33305004495a9","hash":"e4cb4db38cf64aa5574762ea115b77ea05cc4f8b"}
,"/Users/cqing/test-coding/src/table/table-body/table-body.tsx": {"path":"/Users/cqing/test-coding/src/table/table-body/table-body.tsx","statementMap":{"0":{"start":{"line":15,"column":8},"end":{"line":28,"column":9}},"1":{"start":{"line":16,"column":12},"end":{"line":27,"column":13}},"2":{"start":{"line":20,"column":28},"end":{"line":24,"column":38}},"3":{"start":{"line":21,"column":63},"end":{"line":21,"column":74}},"4":{"start":{"line":22,"column":40},"end":{"line":22,"column":71}}},"fnMap":{"0":{"name":"(anonymous_0)","decl":{"start":{"line":14,"column":4},"end":{"line":14,"column":5}},"loc":{"start":{"line":14,"column":48},"end":{"line":29,"column":5}},"line":14},"1":{"name":"(anonymous_1)","decl":{"start":{"line":15,"column":15},"end":{"line":15,"column":16}},"loc":{"start":{"line":15,"column":21},"end":{"line":28,"column":9}},"line":15},"2":{"name":"(anonymous_2)","decl":{"start":{"line":19,"column":37},"end":{"line":19,"column":38}},"loc":{"start":{"line":19,"column":47},"end":{"line":25,"column":21}},"line":19},"3":{"name":"(anonymous_3)","decl":{"start":{"line":21,"column":52},"end":{"line":21,"column":53}},"loc":{"start":{"line":21,"column":63},"end":{"line":21,"column":74}},"line":21},"4":{"name":"(anonymous_4)","decl":{"start":{"line":21,"column":81},"end":{"line":21,"column":82}},"loc":{"start":{"line":21,"column":92},"end":{"line":23,"column":33}},"line":21}},"branchMap":{},"s":{"0":4,"1":7,"2":60,"3":180,"4":180},"f":{"0":4,"1":7,"2":60,"3":180,"4":180},"b":{},"_coverageSchema":"1a1c01bbd47fc00a2c39e90264f33305004495a9","hash":"ea1c1fe597d79d0e31b1e7aeb01cfb318becdd0f"}
,"/Users/cqing/test-coding/src/table/table-footer/index.ts": {"path":"/Users/cqing/test-coding/src/table/table-footer/index.ts","statementMap":{},"fnMap":{},"branchMap":{},"s":{},"f":{},"b":{},"_coverageSchema":"1a1c01bbd47fc00a2c39e90264f33305004495a9","hash":"6dac0fe3242a3d33a63faca0f5affb6961e5fd7f"}
,"/Users/cqing/test-coding/src/table/table-footer/pagination.tsx": {"path":"/Users/cqing/test-coding/src/table/table-footer/pagination.tsx","statementMap":{"0":{"start":{"line":16,"column":26},"end":{"line":16,"column":27}},"1":{"start":{"line":17,"column":25},"end":{"line":17,"column":42}},"2":{"start":{"line":18,"column":26},"end":{"line":18,"column":40}},"3":{"start":{"line":20,"column":31},"end":{"line":20,"column":75}},"4":{"start":{"line":20,"column":50},"end":{"line":20,"column":75}},"5":{"start":{"line":23,"column":30},"end":{"line":51,"column":9}},"6":{"start":{"line":24,"column":12},"end":{"line":24,"column":50}},"7":{"start":{"line":25,"column":12},"end":{"line":42,"column":13}},"8":{"start":{"line":26,"column":28},"end":{"line":26,"column":45}},"9":{"start":{"line":27,"column":16},"end":{"line":40,"column":17}},"10":{"start":{"line":29,"column":24},"end":{"line":29,"column":31}},"11":{"start":{"line":30,"column":24},"end":{"line":30,"column":30}},"12":{"start":{"line":32,"column":24},"end":{"line":32,"column":31}},"13":{"start":{"line":33,"column":24},"end":{"line":33,"column":30}},"14":{"start":{"line":35,"column":24},"end":{"line":35,"column":41}},"15":{"start":{"line":36,"column":24},"end":{"line":36,"column":30}},"16":{"start":{"line":38,"column":24},"end":{"line":38,"column":40}},"17":{"start":{"line":39,"column":24},"end":{"line":39,"column":30}},"18":{"start":{"line":41,"column":16},"end":{"line":41,"column":37}},"19":{"start":{"line":43,"column":12},"end":{"line":45,"column":13}},"20":{"start":{"line":44,"column":16},"end":{"line":44,"column":41}},"21":{"start":{"line":46,"column":12},"end":{"line":48,"column":13}},"22":{"start":{"line":47,"column":16},"end":{"line":47,"column":40}},"23":{"start":{"line":49,"column":12},"end":{"line":49,"column":55}},"24":{"start":{"line":53,"column":8},"end":{"line":57,"column":9}},"25":{"start":{"line":60,"column":30},"end":{"line":60,"column":34}},"26":{"start":{"line":61,"column":8},"end":{"line":68,"column":9}},"27":{"start":{"line":63,"column":54},"end":{"line":63,"column":94}},"28":{"start":{"line":64,"column":52},"end":{"line":64,"column":90}},"29":{"start":{"line":65,"column":53},"end":{"line":65,"column":92}},"30":{"start":{"line":66,"column":53},"end":{"line":66,"column":92}}},"fnMap":{"0":{"name":"(anonymous_0)","decl":{"start":{"line":15,"column":4},"end":{"line":15,"column":5}},"loc":{"start":{"line":15,"column":38},"end":{"line":58,"column":5}},"line":15},"1":{"name":"(anonymous_1)","decl":{"start":{"line":20,"column":31},"end":{"line":20,"column":32}},"loc":{"start":{"line":20,"column":50},"end":{"line":20,"column":75}},"line":20},"2":{"name":"(anonymous_2)","decl":{"start":{"line":23,"column":30},"end":{"line":23,"column":31}},"loc":{"start":{"line":23,"column":54},"end":{"line":51,"column":9}},"line":23},"3":{"name":"(anonymous_3)","decl":{"start":{"line":59,"column":4},"end":{"line":59,"column":5}},"loc":{"start":{"line":59,"column":14},"end":{"line":69,"column":5}},"line":59},"4":{"name":"(anonymous_4)","decl":{"start":{"line":63,"column":46},"end":{"line":63,"column":47}},"loc":{"start":{"line":63,"column":52},"end":{"line":63,"column":96}},"line":63},"5":{"name":"(anonymous_5)","decl":{"start":{"line":64,"column":44},"end":{"line":64,"column":45}},"loc":{"start":{"line":64,"column":50},"end":{"line":64,"column":92}},"line":64},"6":{"name":"(anonymous_6)","decl":{"start":{"line":65,"column":45},"end":{"line":65,"column":46}},"loc":{"start":{"line":65,"column":51},"end":{"line":65,"column":94}},"line":65},"7":{"name":"(anonymous_7)","decl":{"start":{"line":66,"column":45},"end":{"line":66,"column":46}},"loc":{"start":{"line":66,"column":51},"end":{"line":66,"column":94}},"line":66}},"branchMap":{"0":{"loc":{"start":{"line":25,"column":12},"end":{"line":42,"column":13}},"type":"if","locations":[{"start":{"line":25,"column":12},"end":{"line":42,"column":13}},{"start":{},"end":{}}],"line":25},"1":{"loc":{"start":{"line":25,"column":16},"end":{"line":25,"column":79}},"type":"binary-expr","locations":[{"start":{"line":25,"column":16},"end":{"line":25,"column":45}},{"start":{"line":25,"column":49},"end":{"line":25,"column":79}}],"line":25},"2":{"loc":{"start":{"line":27,"column":16},"end":{"line":40,"column":17}},"type":"switch","locations":[{"start":{"line":28,"column":20},"end":{"line":30,"column":30}},{"start":{"line":31,"column":20},"end":{"line":33,"column":30}},{"start":{"line":34,"column":20},"end":{"line":36,"column":30}},{"start":{"line":37,"column":20},"end":{"line":39,"column":30}}],"line":27},"3":{"loc":{"start":{"line":43,"column":12},"end":{"line":45,"column":13}},"type":"if","locations":[{"start":{"line":43,"column":12},"end":{"line":45,"column":13}},{"start":{},"end":{}}],"line":43},"4":{"loc":{"start":{"line":46,"column":12},"end":{"line":48,"column":13}},"type":"if","locations":[{"start":{"line":46,"column":12},"end":{"line":48,"column":13}},{"start":{},"end":{}}],"line":46}},"s":{"0":16,"1":16,"2":16,"3":16,"4":20,"5":16,"6":5,"7":5,"8":5,"9":5,"10":1,"11":1,"12":1,"13":1,"14":2,"15":2,"16":1,"17":1,"18":5,"19":5,"20":4,"21":5,"22":5,"23":5,"24":16,"25":16,"26":16,"27":1,"28":1,"29":1,"30":1},"f":{"0":16,"1":20,"2":5,"3":16,"4":1,"5":1,"6":1,"7":1},"b":{"0":[5,0],"1":[5,5],"2":[1,1,2,1],"3":[4,1],"4":[5,0]},"_coverageSchema":"1a1c01bbd47fc00a2c39e90264f33305004495a9","hash":"0d06b56c1e8b4f6b29bb3aa405a3bf9311d9f145"}
,"/Users/cqing/test-coding/src/table/table-header/index.ts": {"path":"/Users/cqing/test-coding/src/table/table-header/index.ts","statementMap":{},"fnMap":{},"branchMap":{},"s":{},"f":{},"b":{},"_coverageSchema":"1a1c01bbd47fc00a2c39e90264f33305004495a9","hash":"75203966af04e97628ff3e69d86259c62b642547"}
,"/Users/cqing/test-coding/src/table/table-header/table-header.tsx": {"path":"/Users/cqing/test-coding/src/table/table-header/table-header.tsx","statementMap":{"0":{"start":{"line":17,"column":26},"end":{"line":19,"column":9}},"1":{"start":{"line":18,"column":12},"end":{"line":18,"column":40}},"2":{"start":{"line":20,"column":8},"end":{"line":22,"column":9}},"3":{"start":{"line":25,"column":37},"end":{"line":25,"column":41}},"4":{"start":{"line":26,"column":8},"end":{"line":46,"column":9}},"5":{"start":{"line":30,"column":24},"end":{"line":42,"column":34}},"6":{"start":{"line":38,"column":65},"end":{"line":38,"column":96}},"7":{"start":{"line":39,"column":65},"end":{"line":39,"column":96}}},"fnMap":{"0":{"name":"(anonymous_0)","decl":{"start":{"line":16,"column":4},"end":{"line":16,"column":5}},"loc":{"start":{"line":16,"column":50},"end":{"line":23,"column":5}},"line":16},"1":{"name":"(anonymous_1)","decl":{"start":{"line":17,"column":26},"end":{"line":17,"column":27}},"loc":{"start":{"line":17,"column":58},"end":{"line":19,"column":9}},"line":17},"2":{"name":"(anonymous_2)","decl":{"start":{"line":24,"column":4},"end":{"line":24,"column":5}},"loc":{"start":{"line":24,"column":13},"end":{"line":47,"column":5}},"line":24},"3":{"name":"(anonymous_3)","decl":{"start":{"line":29,"column":33},"end":{"line":29,"column":34}},"loc":{"start":{"line":29,"column":64},"end":{"line":43,"column":21}},"line":29},"4":{"name":"(anonymous_4)","decl":{"start":{"line":38,"column":59},"end":{"line":38,"column":60}},"loc":{"start":{"line":38,"column":65},"end":{"line":38,"column":96}},"line":38},"5":{"name":"(anonymous_5)","decl":{"start":{"line":39,"column":59},"end":{"line":39,"column":60}},"loc":{"start":{"line":39,"column":65},"end":{"line":39,"column":96}},"line":39}},"branchMap":{"0":{"loc":{"start":{"line":35,"column":37},"end":{"line":40,"column":48}},"type":"binary-expr","locations":[{"start":{"line":35,"column":37},"end":{"line":35,"column":47}},{"start":{"line":36,"column":41},"end":{"line":40,"column":47}}],"line":35}},"s":{"0":9,"1":2,"2":9,"3":9,"4":9,"5":27,"6":1,"7":1},"f":{"0":9,"1":2,"2":9,"3":27,"4":1,"5":1},"b":{"0":[27,9]},"_coverageSchema":"1a1c01bbd47fc00a2c39e90264f33305004495a9","hash":"6c4b140ff5cbb0f802a7b7d11966d641e35a2433"}
}
