TN:
SF:src/table/Table.tsx
FN:19,(anonymous_0)
FN:26,(anonymous_1)
FN:27,(anonymous_2)
FN:38,(anonymous_3)
FN:52,(anonymous_4)
FN:60,(anonymous_5)
FN:76,(anonymous_6)
FNF:7
FNH:7
FNDA:4,(anonymous_0)
FNDA:2,(anonymous_1)
FNDA:32,(anonymous_2)
FNDA:7,(anonymous_3)
FNDA:1,(anonymous_4)
FNDA:1,(anonymous_5)
FNDA:7,(anonymous_6)
DA:14,2
DA:20,4
DA:23,4
DA:24,4
DA:25,4
DA:26,4
DA:27,2
DA:28,32
DA:29,32
DA:30,23
DA:32,9
DA:33,9
DA:38,4
DA:39,7
DA:40,7
DA:41,7
DA:42,2
DA:44,2
DA:46,5
DA:48,7
DA:52,4
DA:54,1
DA:56,1
DA:57,1
DA:60,4
DA:61,1
DA:62,1
DA:64,4
DA:83,7
DA:84,7
DA:85,7
LF:31
LH:31
BRDA:29,0,0,23
BRDA:29,0,1,9
BRDA:32,1,0,9
BRDA:32,1,1,0
BRDA:41,2,0,2
BRDA:41,2,1,5
BRDA:41,3,0,7
BRDA:41,3,1,5
BRDA:84,4,0,7
BRDA:84,4,1,1
BRF:10
BRH:9
end_of_record
TN:
SF:src/table/index.ts
FNF:0
FNH:0
LF:0
LH:0
BRF:0
BRH:0
end_of_record
TN:
SF:src/table/types.ts
FN:29,(anonymous_0)
FNF:1
FNH:0
FNDA:0,(anonymous_0)
DA:29,2
DA:37,2
DA:44,2
LF:3
LH:3
BRF:0
BRH:0
end_of_record
TN:
SF:src/table/const/index.ts
FNF:0
FNH:0
DA:1,3
DA:6,3
LF:2
LH:2
BRF:0
BRH:0
end_of_record
TN:
SF:src/table/table-body/index.ts
FNF:0
FNH:0
LF:0
LH:0
BRF:0
BRH:0
end_of_record
TN:
SF:src/table/table-body/table-body.tsx
FN:14,(anonymous_0)
FN:15,(anonymous_1)
FN:19,(anonymous_2)
FN:21,(anonymous_3)
FN:21,(anonymous_4)
FNF:5
FNH:5
FNDA:4,(anonymous_0)
FNDA:7,(anonymous_1)
FNDA:60,(anonymous_2)
FNDA:180,(anonymous_3)
FNDA:180,(anonymous_4)
DA:15,4
DA:16,7
DA:20,60
DA:21,180
DA:22,180
LF:5
LH:5
BRF:0
BRH:0
end_of_record
TN:
SF:src/table/table-footer/index.ts
FNF:0
FNH:0
LF:0
LH:0
BRF:0
BRH:0
end_of_record
TN:
SF:src/table/table-footer/pagination.tsx
FN:15,(anonymous_0)
FN:20,(anonymous_1)
FN:23,(anonymous_2)
FN:59,(anonymous_3)
FN:63,(anonymous_4)
FN:64,(anonymous_5)
FN:65,(anonymous_6)
FN:66,(anonymous_7)
FNF:8
FNH:8
FNDA:16,(anonymous_0)
FNDA:20,(anonymous_1)
FNDA:5,(anonymous_2)
FNDA:16,(anonymous_3)
FNDA:1,(anonymous_4)
FNDA:1,(anonymous_5)
FNDA:1,(anonymous_6)
FNDA:1,(anonymous_7)
DA:16,16
DA:17,16
DA:18,16
DA:20,20
DA:23,16
DA:24,5
DA:25,5
DA:26,5
DA:27,5
DA:29,1
DA:30,1
DA:32,1
DA:33,1
DA:35,2
DA:36,2
DA:38,1
DA:39,1
DA:41,5
DA:43,5
DA:44,4
DA:46,5
DA:47,5
DA:49,5
DA:53,16
DA:60,16
DA:61,16
DA:63,1
DA:64,1
DA:65,1
DA:66,1
LF:30
LH:30
BRDA:25,0,0,5
BRDA:25,0,1,0
BRDA:25,1,0,5
BRDA:25,1,1,5
BRDA:27,2,0,1
BRDA:27,2,1,1
BRDA:27,2,2,2
BRDA:27,2,3,1
BRDA:43,3,0,4
BRDA:43,3,1,1
BRDA:46,4,0,5
BRDA:46,4,1,0
BRF:12
BRH:10
end_of_record
TN:
SF:src/table/table-header/index.ts
FNF:0
FNH:0
LF:0
LH:0
BRF:0
BRH:0
end_of_record
TN:
SF:src/table/table-header/table-header.tsx
FN:16,(anonymous_0)
FN:17,(anonymous_1)
FN:24,(anonymous_2)
FN:29,(anonymous_3)
FN:38,(anonymous_4)
FN:39,(anonymous_5)
FNF:6
FNH:6
FNDA:9,(anonymous_0)
FNDA:2,(anonymous_1)
FNDA:9,(anonymous_2)
FNDA:27,(anonymous_3)
FNDA:1,(anonymous_4)
FNDA:1,(anonymous_5)
DA:17,9
DA:18,2
DA:20,9
DA:25,9
DA:26,9
DA:30,27
DA:38,1
DA:39,1
LF:8
LH:8
BRDA:35,0,0,27
BRDA:35,0,1,9
BRF:2
BRH:2
end_of_record
